This is pdfTeX, Version 3.141592653-2.6-1.40.28 (MiKTeX 25.12) (preloaded format=pdflatex 2026.3.1)  19 MAR 2026 01:34
entering extended mode
 restricted \write18 enabled.
 file:line:error style messages enabled.
 %&-line parsing enabled.
**c:/Users/pochi/OneDrive/Desktop/Master_Thesis_draft/main.tex
(c:/Users/pochi/OneDrive/Desktop/Master_Thesis_draft/main.tex
LaTeX2e <2025-11-01>
L3 programming layer <2025-12-24>
(C:\Users\pochi\AppData\Local\Programs\MiKTeX\tex/latex/base\book.cls
Document Class: book 2025/01/22 v1.4n Standard LaTeX document class
(C:\Users\pochi\AppData\Local\Programs\MiKTeX\tex/latex/base\bk12.clo
File: bk12.clo 2025/01/22 v1.4n Standard LaTeX file (size option)
)
\c@part=\count275
\c@chapter=\count276
\c@section=\count277
\c@subsection=\count278
\c@subsubsection=\count279
\c@paragraph=\count280
\c@subparagraph=\count281
\c@figure=\count282
\c@table=\count283
\abovecaptionskip=\skip49
\belowcaptionskip=\skip50
\bibindent=\dimen148
) (C:\Users\pochi\AppData\Local\Programs\MiKTeX\tex/latex/base\fontenc.sty
Package: fontenc 2025/07/18 v2.1d Standard LaTeX package
) (C:\Users\pochi\AppData\Local\Programs\MiKTeX\tex/latex/base\inputenc.sty
Package: inputenc 2024/02/08 v1.3d Input encoding file
\inpenc@prehook=\toks17
\inpenc@posthook=\toks18
) (C:\Users\pochi\AppData\Local\Programs\MiKTeX\tex/generic/babel\babel.sty
Package: babel 2025/12/11 v25.17 The multilingual framework for LuaLaTeX, pdfLaTeX and XeLaTeX
\babel@savecnt=\count284
LaTeX Encoding Info:    Redeclaring text command \ij (encoding OT1) on input line 2068.
LaTeX Encoding Info:    Redeclaring text command \IJ (encoding OT1) on input line 2070.
LaTeX Encoding Info:    Redeclaring text command \ij (encoding T1) on input line 2072.
LaTeX Encoding Info:    Redeclaring text command \IJ (encoding T1) on input line 2073.
LaTeX Encoding Info:    Ignoring declaration for text command \ij (encoding ?) on input line 2074.
LaTeX Encoding Info:    Ignoring declaration for text command \IJ (encoding ?) on input line 2076.
LaTeX Encoding Info:    Ignoring declaration for text command \SS (encoding ?) on input line 2101.
\U@D=\dimen149
\l@unhyphenated=\language79
 (C:\Users\pochi\AppData\Local\Programs\MiKTeX\tex/generic/babel\txtbabel.def)
\bbl@readstream=\read2
\bbl@dirlevel=\count285
Package babel Info: Configuration files are deprecated, as
(babel)             they can break document portability.
(babel)             Reported on input line 4196.

*************************************
* Local config file bblopts.cfg used
*
(C:\Users\pochi\AppData\Local\Programs\MiKTeX\tex/latex/arabi\bblopts.cfg
File: bblopts.cfg 2005/09/08 v0.1 add Arabic and Farsi to "declared" options of babel
) (C:\Users\pochi\AppData\Local\Programs\MiKTeX\tex/generic/babel/locale/en\babel-english.tex)
Package babel Info: Importing font and identification data for english
(babel)             from babel-en.ini. Reported on input line 4320.
 (C:\Users\pochi\AppData\Local\Programs\MiKTeX\tex/latex/babel-english\english.ldf
Language: english 2017/06/06 v3.3r English support from the babel system
Package babel Info: Hyphen rules for 'canadian' set to \l@english
(babel)             (\language0). Reported on input line 102.
Package babel Info: Hyphen rules for 'australian' set to \l@ukenglish
(babel)             (\language73). Reported on input line 105.
Package babel Info: Hyphen rules for 'newzealand' set to \l@ukenglish
(babel)             (\language73). Reported on input line 108.
)) (C:\Users\pochi\AppData\Local\Programs\MiKTeX\tex/latex/geometry\geometry.sty
Package: geometry 2020/01/02 v5.9 Page Geometry
 (C:\Users\pochi\AppData\Local\Programs\MiKTeX\tex/latex/graphics\keyval.sty
Package: keyval 2022/05/29 v1.15 key=value parser (DPC)
\KV@toks@=\toks19
) (C:\Users\pochi\AppData\Local\Programs\MiKTeX\tex/generic/iftex\ifvtex.sty
Package: ifvtex 2019/10/25 v1.7 ifvtex legacy package. Use iftex instead.
 (C:\Users\pochi\AppData\Local\Programs\MiKTeX\tex/generic/iftex\iftex.sty
Package: iftex 2024/12/12 v1.0g TeX engine tests
))
\Gm@cnth=\count286
\Gm@cntv=\count287
\c@Gm@tempcnt=\count288
\Gm@bindingoffset=\dimen150
\Gm@wd@mp=\dimen151
\Gm@odd@mp=\dimen152
\Gm@even@mp=\dimen153
\Gm@layoutwidth=\dimen154
\Gm@layoutheight=\dimen155
\Gm@layouthoffset=\dimen156
\Gm@layoutvoffset=\dimen157
\Gm@dimlist=\toks20
 (C:\Users\pochi\AppData\Local\Programs\MiKTeX\tex/latex/geometry\geometry.cfg)) (C:\Users\pochi\AppData\Local\Programs\MiKTeX\tex/latex/setspace\setspace.sty
Package: setspace 2022/12/04 v6.7b set line spacing
) (C:\Users\pochi\AppData\Local\Programs\MiKTeX\tex/latex/enumitem\enumitem.sty
Package: enumitem 2025/02/06 v3.11 Customized lists
\labelindent=\skip51
\enit@outerparindent=\dimen158
\enit@toks=\toks21
\enit@inbox=\box53
\enit@count@id=\count289
\enitdp@description=\count290
) (C:\Users\pochi\AppData\Local\Programs\MiKTeX\tex/latex/amsmath\amsmath.sty
Package: amsmath 2025/07/09 v2.17z AMS math features
\@mathmargin=\skip52

For additional information on amsmath, use the `?' option.
(C:\Users\pochi\AppData\Local\Programs\MiKTeX\tex/latex/amsmath\amstext.sty
Package: amstext 2024/11/17 v2.01 AMS text
 (C:\Users\pochi\AppData\Local\Programs\MiKTeX\tex/latex/amsmath\amsgen.sty
File: amsgen.sty 1999/11/30 v2.0 generic functions
\@emptytoks=\toks22
\ex@=\dimen159
)) (C:\Users\pochi\AppData\Local\Programs\MiKTeX\tex/latex/amsmath\amsbsy.sty
Package: amsbsy 1999/11/29 v1.2d Bold Symbols
\pmbraise@=\dimen160
) (C:\Users\pochi\AppData\Local\Programs\MiKTeX\tex/latex/amsmath\amsopn.sty
Package: amsopn 2022/04/08 v2.04 operator names
)
\inf@bad=\count291
LaTeX Info: Redefining \frac on input line 233.
\uproot@=\count292
\leftroot@=\count293
LaTeX Info: Redefining \overline on input line 398.
LaTeX Info: Redefining \colon on input line 409.
\classnum@=\count294
\DOTSCASE@=\count295
LaTeX Info: Redefining \ldots on input line 495.
LaTeX Info: Redefining \dots on input line 498.
LaTeX Info: Redefining \cdots on input line 619.
\Mathstrutbox@=\box54
\strutbox@=\box55
LaTeX Info: Redefining \big on input line 721.
LaTeX Info: Redefining \Big on input line 722.
LaTeX Info: Redefining \bigg on input line 723.
LaTeX Info: Redefining \Bigg on input line 724.
\big@size=\dimen161
LaTeX Font Info:    Redeclaring font encoding OML on input line 742.
LaTeX Font Info:    Redeclaring font encoding OMS on input line 743.
\macc@depth=\count296
LaTeX Info: Redefining \bmod on input line 904.
LaTeX Info: Redefining \pmod on input line 909.
LaTeX Info: Redefining \smash on input line 939.
LaTeX Info: Redefining \relbar on input line 969.
LaTeX Info: Redefining \Relbar on input line 970.
\c@MaxMatrixCols=\count297
\dotsspace@=\muskip17
\c@parentequation=\count298
\dspbrk@lvl=\count299
\tag@help=\toks23
\row@=\count300
\column@=\count301
\maxfields@=\count302
\andhelp@=\toks24
\eqnshift@=\dimen162
\alignsep@=\dimen163
\tagshift@=\dimen164
\tagwidth@=\dimen165
\totwidth@=\dimen166
\lineht@=\dimen167
\@envbody=\toks25
\multlinegap=\skip53
\multlinetaggap=\skip54
\mathdisplay@stack=\toks26
LaTeX Info: Redefining \[ on input line 2950.
LaTeX Info: Redefining \] on input line 2951.
) (C:\Users\pochi\AppData\Local\Programs\MiKTeX\tex/latex/amsfonts\amssymb.sty
Package: amssymb 2013/01/14 v3.01 AMS font symbols
 (C:\Users\pochi\AppData\Local\Programs\MiKTeX\tex/latex/amsfonts\amsfonts.sty
Package: amsfonts 2013/01/14 v3.01 Basic AMSFonts support
\symAMSa=\mathgroup4
\symAMSb=\mathgroup5
LaTeX Font Info:    Redeclaring math symbol \hbar on input line 98.
LaTeX Font Info:    Overwriting math alphabet `\mathfrak' in version `bold'
(Font)                  U/euf/m/n --> U/euf/b/n on input line 106.
)) (C:\Users\pochi\AppData\Local\Programs\MiKTeX\tex/latex/amscls\amsthm.sty
Package: amsthm 2020/05/29 v2.20.6
\thm@style=\toks27
\thm@bodyfont=\toks28
\thm@headfont=\toks29
\thm@notefont=\toks30
\thm@headpunct=\toks31
\thm@preskip=\skip55
\thm@postskip=\skip56
\thm@headsep=\skip57
\dth@everypar=\toks32
) (C:\Users\pochi\AppData\Local\Programs\MiKTeX\tex/latex/mathtools\mathtools.sty
Package: mathtools 2024/10/04 v1.31 mathematical typesetting tools
 (C:\Users\pochi\AppData\Local\Programs\MiKTeX\tex/latex/tools\calc.sty
Package: calc 2025/03/01 v4.3b Infix arithmetic (KKT,FJ)
\calc@Acount=\count303
\calc@Bcount=\count304
\calc@Adimen=\dimen168
\calc@Bdimen=\dimen169
\calc@Askip=\skip58
\calc@Bskip=\skip59
LaTeX Info: Redefining \setlength on input line 86.
LaTeX Info: Redefining \addtolength on input line 87.
\calc@Ccount=\count305
\calc@Cskip=\skip60
) (C:\Users\pochi\AppData\Local\Programs\MiKTeX\tex/latex/mathtools\mhsetup.sty
Package: mhsetup 2021/03/18 v1.4 programming setup (MH)
)
\g_MT_multlinerow_int=\count306
\l_MT_multwidth_dim=\dimen170
\origjot=\skip61
\l_MT_shortvdotswithinadjustabove_dim=\dimen171
\l_MT_shortvdotswithinadjustbelow_dim=\dimen172
\l_MT_above_intertext_sep=\dimen173
\l_MT_below_intertext_sep=\dimen174
\l_MT_above_shortintertext_sep=\dimen175
\l_MT_below_shortintertext_sep=\dimen176
\xmathstrut@box=\box56
\xmathstrut@dim=\dimen177
) (C:\Users\pochi\AppData\Local\Programs\MiKTeX\tex/latex/cancel\cancel.sty
Package: cancel 2013/04/12 v2.2 Cancel math terms
) (C:\Users\pochi\AppData\Local\Programs\MiKTeX\tex/latex/graphics\graphicx.sty
Package: graphicx 2024/12/31 v1.2e Enhanced LaTeX Graphics (DPC,SPQR)
 (C:\Users\pochi\AppData\Local\Programs\MiKTeX\tex/latex/graphics\graphics.sty
Package: graphics 2024/08/06 v1.4g Standard LaTeX Graphics (DPC,SPQR)
 (C:\Users\pochi\AppData\Local\Programs\MiKTeX\tex/latex/graphics\trig.sty
Package: trig 2023/12/02 v1.11 sin cos tan (DPC)
) (C:\Users\pochi\AppData\Local\Programs\MiKTeX\tex/latex/graphics-cfg\graphics.cfg
File: graphics.cfg 2016/06/04 v1.11 sample graphics configuration
)
Package graphics Info: Driver file: pdftex.def on input line 106.
 (C:\Users\pochi\AppData\Local\Programs\MiKTeX\tex/latex/graphics-def\pdftex.def
File: pdftex.def 2025/09/29 v1.2d Graphics/color driver for pdftex
))
\Gin@req@height=\dimen178
\Gin@req@width=\dimen179
) (C:\Users\pochi\AppData\Local\Programs\MiKTeX\tex/latex/float\float.sty
Package: float 2001/11/08 v1.3d Float enhancements (AL)
\c@float@type=\count307
\float@exts=\toks33
\float@box=\box57
\@float@everytoks=\toks34
\@floatcapt=\box58
) (C:\Users\pochi\AppData\Local\Programs\MiKTeX\tex/latex/placeins\placeins.sty
Package: placeins 2005/04/18  v 2.2
) (C:\Users\pochi\AppData\Local\Programs\MiKTeX\tex/latex/caption\caption.sty
Package: caption 2023/08/05 v3.6o Customizing captions (AR)
 (C:\Users\pochi\AppData\Local\Programs\MiKTeX\tex/latex/caption\caption3.sty
Package: caption3 2023/07/31 v2.4d caption3 kernel (AR)
\caption@tempdima=\dimen180
\captionmargin=\dimen181
\caption@leftmargin=\dimen182
\caption@rightmargin=\dimen183
\caption@width=\dimen184
\caption@indent=\dimen185
\caption@parindent=\dimen186
\caption@hangindent=\dimen187
Package caption Info: Standard document class detected.
)
\c@caption@flags=\count308
\c@continuedfloat=\count309
Package caption Info: float package is loaded.
) (C:\Users\pochi\AppData\Local\Programs\MiKTeX\tex/latex/caption\subcaption.sty
Package: subcaption 2023/07/28 v1.6b Sub-captions (AR)
Package caption Info: New subtype `subfigure' on input line 238.
\c@subfigure=\count310
Package caption Info: New subtype `subtable' on input line 238.
\c@subtable=\count311
) (C:\Users\pochi\AppData\Local\Programs\MiKTeX\tex/latex/booktabs\booktabs.sty
Package: booktabs 2020/01/12 v1.61803398 Publication quality tables
\heavyrulewidth=\dimen188
\lightrulewidth=\dimen189
\cmidrulewidth=\dimen190
\belowrulesep=\dimen191
\belowbottomsep=\dimen192
\aboverulesep=\dimen193
\abovetopsep=\dimen194
\cmidrulesep=\dimen195
\cmidrulekern=\dimen196
\defaultaddspace=\dimen197
\@cmidla=\count312
\@cmidlb=\count313
\@aboverulesep=\dimen198
\@belowrulesep=\dimen199
\@thisruleclass=\count314
\@lastruleclass=\count315
\@thisrulewidth=\dimen256
) (C:\Users\pochi\AppData\Local\Programs\MiKTeX\tex/latex/tcolorbox\tcolorbox.sty
Package: tcolorbox 2025/11/28 version 6.9.0 text color boxes
 (C:\Users\pochi\AppData\Local\Programs\MiKTeX\tex/latex/pgf/frontendlayer\tikz.sty (C:\Users\pochi\AppData\Local\Programs\MiKTeX\tex/latex/pgf/basiclayer\pgf.sty (C:\Users\pochi\AppData\Local\Programs\MiKTeX\tex/latex/pgf/utilities\pgfrcs.sty (C:\Users\pochi\AppData\Local\Programs\MiKTeX\tex/generic/pgf/utilities\pgfutil-common.tex
\pgfutil@everybye=\toks35
\pgfutil@tempdima=\dimen257
\pgfutil@tempdimb=\dimen258
) (C:\Users\pochi\AppData\Local\Programs\MiKTeX\tex/generic/pgf/utilities\pgfutil-latex.def
\pgfutil@abb=\box59
) (C:\Users\pochi\AppData\Local\Programs\MiKTeX\tex/generic/pgf/utilities\pgfrcs.code.tex (C:\Users\pochi\AppData\Local\Programs\MiKTeX\tex/generic/pgf\pgf.revision.tex)
Package: pgfrcs 2025-08-29 v3.1.11a (3.1.11a)
))
Package: pgf 2025-08-29 v3.1.11a (3.1.11a)
 (C:\Users\pochi\AppData\Local\Programs\MiKTeX\tex/latex/pgf/basiclayer\pgfcore.sty (C:\Users\pochi\AppData\Local\Programs\MiKTeX\tex/latex/pgf/systemlayer\pgfsys.sty (C:\Users\pochi\AppData\Local\Programs\MiKTeX\tex/generic/pgf/systemlayer\pgfsys.code.tex
Package: pgfsys 2025-08-29 v3.1.11a (3.1.11a)
 (C:\Users\pochi\AppData\Local\Programs\MiKTeX\tex/generic/pgf/utilities\pgfkeys.code.tex
\pgfkeys@pathtoks=\toks36
\pgfkeys@temptoks=\toks37
 (C:\Users\pochi\AppData\Local\Programs\MiKTeX\tex/generic/pgf/utilities\pgfkeyslibraryfiltered.code.tex
\pgfkeys@tmptoks=\toks38
))
\pgf@x=\dimen259
\pgf@y=\dimen260
\pgf@xa=\dimen261
\pgf@ya=\dimen262
\pgf@xb=\dimen263
\pgf@yb=\dimen264
\pgf@xc=\dimen265
\pgf@yc=\dimen266
\pgf@xd=\dimen267
\pgf@yd=\dimen268
\w@pgf@writea=\write3
\r@pgf@reada=\read3
\c@pgf@counta=\count316
\c@pgf@countb=\count317
\c@pgf@countc=\count318
\c@pgf@countd=\count319
\t@pgf@toka=\toks39
\t@pgf@tokb=\toks40
\t@pgf@tokc=\toks41
\pgf@sys@id@count=\count320
 (C:\Users\pochi\AppData\Local\Programs\MiKTeX\tex/generic/pgf/systemlayer\pgf.cfg
File: pgf.cfg 2025-08-29 v3.1.11a (3.1.11a)
)
Driver file for pgf: pgfsys-pdftex.def
 (C:\Users\pochi\AppData\Local\Programs\MiKTeX\tex/generic/pgf/systemlayer\pgfsys-pdftex.def
File: pgfsys-pdftex.def 2025-08-29 v3.1.11a (3.1.11a)
 (C:\Users\pochi\AppData\Local\Programs\MiKTeX\tex/generic/pgf/systemlayer\pgfsys-common-pdf.def
File: pgfsys-common-pdf.def 2025-08-29 v3.1.11a (3.1.11a)
))) (C:\Users\pochi\AppData\Local\Programs\MiKTeX\tex/generic/pgf/systemlayer\pgfsyssoftpath.code.tex
File: pgfsyssoftpath.code.tex 2025-08-29 v3.1.11a (3.1.11a)
\pgfsyssoftpath@smallbuffer@items=\count321
\pgfsyssoftpath@bigbuffer@items=\count322
) (C:\Users\pochi\AppData\Local\Programs\MiKTeX\tex/generic/pgf/systemlayer\pgfsysprotocol.code.tex
File: pgfsysprotocol.code.tex 2025-08-29 v3.1.11a (3.1.11a)
)) (C:\Users\pochi\AppData\Local\Programs\MiKTeX\tex/latex/xcolor\xcolor.sty
Package: xcolor 2024/09/29 v3.02 LaTeX color extensions (UK)
 (C:\Users\pochi\AppData\Local\Programs\MiKTeX\tex/latex/graphics-cfg\color.cfg
File: color.cfg 2016/01/02 v1.6 sample color configuration
)
Package xcolor Info: Driver file: pdftex.def on input line 274.
 (C:\Users\pochi\AppData\Local\Programs\MiKTeX\tex/latex/graphics\mathcolor.ltx)
Package xcolor Info: Model `cmy' substituted by `cmy0' on input line 1349.
Package xcolor Info: Model `hsb' substituted by `rgb' on input line 1353.
Package xcolor Info: Model `RGB' extended on input line 1365.
Package xcolor Info: Model `HTML' substituted by `rgb' on input line 1367.
Package xcolor Info: Model `Hsb' substituted by `hsb' on input line 1368.
Package xcolor Info: Model `tHsb' substituted by `hsb' on input line 1369.
Package xcolor Info: Model `HSB' substituted by `hsb' on input line 1370.
Package xcolor Info: Model `Gray' substituted by `gray' on input line 1371.
Package xcolor Info: Model `wave' substituted by `hsb' on input line 1372.
) (C:\Users\pochi\AppData\Local\Programs\MiKTeX\tex/generic/pgf/basiclayer\pgfcore.code.tex
Package: pgfcore 2025-08-29 v3.1.11a (3.1.11a)
 (C:\Users\pochi\AppData\Local\Programs\MiKTeX\tex/generic/pgf/math\pgfmath.code.tex (C:\Users\pochi\AppData\Local\Programs\MiKTeX\tex/generic/pgf/math\pgfmathutil.code.tex) (C:\Users\pochi\AppData\Local\Programs\MiKTeX\tex/generic/pgf/math\pgfmathparser.code.tex
\pgfmath@dimen=\dimen269
\pgfmath@count=\count323
\pgfmath@box=\box60
\pgfmath@toks=\toks42
\pgfmath@stack@operand=\toks43
\pgfmath@stack@operation=\toks44
) (C:\Users\pochi\AppData\Local\Programs\MiKTeX\tex/generic/pgf/math\pgfmathfunctions.code.tex) (C:\Users\pochi\AppData\Local\Programs\MiKTeX\tex/generic/pgf/math\pgfmathfunctions.basic.code.tex) (C:\Users\pochi\AppData\Local\Programs\MiKTeX\tex/generic/pgf/math\pgfmathfunctions.trigonometric.code.tex) (C:\Users\pochi\AppData\Local\Programs\MiKTeX\tex/generic/pgf/math\pgfmathfunctions.random.code.tex) (C:\Users\pochi\AppData\Local\Programs\MiKTeX\tex/generic/pgf/math\pgfmathfunctions.comparison.code.tex) (C:\Users\pochi\AppData\Local\Programs\MiKTeX\tex/generic/pgf/math\pgfmathfunctions.base.code.tex) (C:\Users\pochi\AppData\Local\Programs\MiKTeX\tex/generic/pgf/math\pgfmathfunctions.round.code.tex) (C:\Users\pochi\AppData\Local\Programs\MiKTeX\tex/generic/pgf/math\pgfmathfunctions.misc.code.tex) (C:\Users\pochi\AppData\Local\Programs\MiKTeX\tex/generic/pgf/math\pgfmathfunctions.integerarithmetics.code.tex) (C:\Users\pochi\AppData\Local\Programs\MiKTeX\tex/generic/pgf/math\pgfmathcalc.code.tex) (C:\Users\pochi\AppData\Local\Programs\MiKTeX\tex/generic/pgf/math\pgfmathfloat.code.tex
\c@pgfmathroundto@lastzeros=\count324
)) (C:\Users\pochi\AppData\Local\Programs\MiKTeX\tex/generic/pgf/math\pgfint.code.tex) (C:\Users\pochi\AppData\Local\Programs\MiKTeX\tex/generic/pgf/basiclayer\pgfcorepoints.code.tex
File: pgfcorepoints.code.tex 2025-08-29 v3.1.11a (3.1.11a)
\pgf@picminx=\dimen270
\pgf@picmaxx=\dimen271
\pgf@picminy=\dimen272
\pgf@picmaxy=\dimen273
\pgf@pathminx=\dimen274
\pgf@pathmaxx=\dimen275
\pgf@pathminy=\dimen276
\pgf@pathmaxy=\dimen277
\pgf@xx=\dimen278
\pgf@xy=\dimen279
\pgf@yx=\dimen280
\pgf@yy=\dimen281
\pgf@zx=\dimen282
\pgf@zy=\dimen283
) (C:\Users\pochi\AppData\Local\Programs\MiKTeX\tex/generic/pgf/basiclayer\pgfcorepathconstruct.code.tex
File: pgfcorepathconstruct.code.tex 2025-08-29 v3.1.11a (3.1.11a)
\pgf@path@lastx=\dimen284
\pgf@path@lasty=\dimen285
) (C:\Users\pochi\AppData\Local\Programs\MiKTeX\tex/generic/pgf/basiclayer\pgfcorepathusage.code.tex
File: pgfcorepathusage.code.tex 2025-08-29 v3.1.11a (3.1.11a)
\pgf@shorten@end@additional=\dimen286
\pgf@shorten@start@additional=\dimen287
) (C:\Users\pochi\AppData\Local\Programs\MiKTeX\tex/generic/pgf/basiclayer\pgfcorescopes.code.tex
File: pgfcorescopes.code.tex 2025-08-29 v3.1.11a (3.1.11a)
\pgfpic=\box61
\pgf@hbox=\box62
\pgf@layerbox@main=\box63
\pgf@picture@serial@count=\count325
) (C:\Users\pochi\AppData\Local\Programs\MiKTeX\tex/generic/pgf/basiclayer\pgfcoregraphicstate.code.tex
File: pgfcoregraphicstate.code.tex 2025-08-29 v3.1.11a (3.1.11a)
\pgflinewidth=\dimen288
) (C:\Users\pochi\AppData\Local\Programs\MiKTeX\tex/generic/pgf/basiclayer\pgfcoretransformations.code.tex
File: pgfcoretransformations.code.tex 2025-08-29 v3.1.11a (3.1.11a)
\pgf@pt@x=\dimen289
\pgf@pt@y=\dimen290
\pgf@pt@temp=\dimen291
) (C:\Users\pochi\AppData\Local\Programs\MiKTeX\tex/generic/pgf/basiclayer\pgfcorequick.code.tex
File: pgfcorequick.code.tex 2025-08-29 v3.1.11a (3.1.11a)
) (C:\Users\pochi\AppData\Local\Programs\MiKTeX\tex/generic/pgf/basiclayer\pgfcoreobjects.code.tex
File: pgfcoreobjects.code.tex 2025-08-29 v3.1.11a (3.1.11a)
) (C:\Users\pochi\AppData\Local\Programs\MiKTeX\tex/generic/pgf/basiclayer\pgfcorepathprocessing.code.tex
File: pgfcorepathprocessing.code.tex 2025-08-29 v3.1.11a (3.1.11a)
) (C:\Users\pochi\AppData\Local\Programs\MiKTeX\tex/generic/pgf/basiclayer\pgfcorearrows.code.tex
File: pgfcorearrows.code.tex 2025-08-29 v3.1.11a (3.1.11a)
\pgfarrowsep=\dimen292
) (C:\Users\pochi\AppData\Local\Programs\MiKTeX\tex/generic/pgf/basiclayer\pgfcoreshade.code.tex
File: pgfcoreshade.code.tex 2025-08-29 v3.1.11a (3.1.11a)
\pgf@max=\dimen293
\pgf@sys@shading@range@num=\count326
\pgf@shadingcount=\count327
) (C:\Users\pochi\AppData\Local\Programs\MiKTeX\tex/generic/pgf/basiclayer\pgfcoreimage.code.tex
File: pgfcoreimage.code.tex 2025-08-29 v3.1.11a (3.1.11a)
) (C:\Users\pochi\AppData\Local\Programs\MiKTeX\tex/generic/pgf/basiclayer\pgfcoreexternal.code.tex
File: pgfcoreexternal.code.tex 2025-08-29 v3.1.11a (3.1.11a)
\pgfexternal@startupbox=\box64
) (C:\Users\pochi\AppData\Local\Programs\MiKTeX\tex/generic/pgf/basiclayer\pgfcorelayers.code.tex
File: pgfcorelayers.code.tex 2025-08-29 v3.1.11a (3.1.11a)
) (C:\Users\pochi\AppData\Local\Programs\MiKTeX\tex/generic/pgf/basiclayer\pgfcoretransparency.code.tex
File: pgfcoretransparency.code.tex 2025-08-29 v3.1.11a (3.1.11a)
) (C:\Users\pochi\AppData\Local\Programs\MiKTeX\tex/generic/pgf/basiclayer\pgfcorepatterns.code.tex
File: pgfcorepatterns.code.tex 2025-08-29 v3.1.11a (3.1.11a)
) (C:\Users\pochi\AppData\Local\Programs\MiKTeX\tex/generic/pgf/basiclayer\pgfcorerdf.code.tex
File: pgfcorerdf.code.tex 2025-08-29 v3.1.11a (3.1.11a)
))) (C:\Users\pochi\AppData\Local\Programs\MiKTeX\tex/generic/pgf/modules\pgfmoduleshapes.code.tex
File: pgfmoduleshapes.code.tex 2025-08-29 v3.1.11a (3.1.11a)
\pgfnodeparttextbox=\box65
) (C:\Users\pochi\AppData\Local\Programs\MiKTeX\tex/generic/pgf/modules\pgfmoduleplot.code.tex
File: pgfmoduleplot.code.tex 2025-08-29 v3.1.11a (3.1.11a)
) (C:\Users\pochi\AppData\Local\Programs\MiKTeX\tex/latex/pgf/compatibility\pgfcomp-version-0-65.sty
Package: pgfcomp-version-0-65 2025-08-29 v3.1.11a (3.1.11a)
\pgf@nodesepstart=\dimen294
\pgf@nodesepend=\dimen295
) (C:\Users\pochi\AppData\Local\Programs\MiKTeX\tex/latex/pgf/compatibility\pgfcomp-version-1-18.sty
Package: pgfcomp-version-1-18 2025-08-29 v3.1.11a (3.1.11a)
)) (C:\Users\pochi\AppData\Local\Programs\MiKTeX\tex/latex/pgf/utilities\pgffor.sty (C:\Users\pochi\AppData\Local\Programs\MiKTeX\tex/latex/pgf/utilities\pgfkeys.sty (C:\Users\pochi\AppData\Local\Programs\MiKTeX\tex/generic/pgf/utilities\pgfkeys.code.tex)) (C:\Users\pochi\AppData\Local\Programs\MiKTeX\tex/latex/pgf/math\pgfmath.sty (C:\Users\pochi\AppData\Local\Programs\MiKTeX\tex/generic/pgf/math\pgfmath.code.tex)) (C:\Users\pochi\AppData\Local\Programs\MiKTeX\tex/generic/pgf/utilities\pgffor.code.tex
Package: pgffor 2025-08-29 v3.1.11a (3.1.11a)
\pgffor@iter=\dimen296
\pgffor@skip=\dimen297
\pgffor@stack=\toks45
\pgffor@toks=\toks46
)) (C:\Users\pochi\AppData\Local\Programs\MiKTeX\tex/generic/pgf/frontendlayer/tikz\tikz.code.tex
Package: tikz 2025-08-29 v3.1.11a (3.1.11a)
 (C:\Users\pochi\AppData\Local\Programs\MiKTeX\tex/generic/pgf/libraries\pgflibraryplothandlers.code.tex
File: pgflibraryplothandlers.code.tex 2025-08-29 v3.1.11a (3.1.11a)
\pgf@plot@mark@count=\count328
\pgfplotmarksize=\dimen298
)
\tikz@lastx=\dimen299
\tikz@lasty=\dimen300
\tikz@lastxsaved=\dimen301
\tikz@lastysaved=\dimen302
\tikz@lastmovetox=\dimen303
\tikz@lastmovetoy=\dimen304
\tikzleveldistance=\dimen305
\tikzsiblingdistance=\dimen306
\tikz@figbox=\box66
\tikz@figbox@bg=\box67
\tikz@tempbox=\box68
\tikz@tempbox@bg=\box69
\tikztreelevel=\count329
\tikznumberofchildren=\count330
\tikznumberofcurrentchild=\count331
\tikz@fig@count=\count332
 (C:\Users\pochi\AppData\Local\Programs\MiKTeX\tex/generic/pgf/modules\pgfmodulematrix.code.tex
File: pgfmodulematrix.code.tex 2025-08-29 v3.1.11a (3.1.11a)
\pgfmatrixcurrentrow=\count333
\pgfmatrixcurrentcolumn=\count334
\pgf@matrix@numberofcolumns=\count335
)
\tikz@expandcount=\count336
 (C:\Users\pochi\AppData\Local\Programs\MiKTeX\tex/generic/pgf/frontendlayer/tikz/libraries\tikzlibrarytopaths.code.tex
File: tikzlibrarytopaths.code.tex 2025-08-29 v3.1.11a (3.1.11a)
))) (C:\Users\pochi\AppData\Local\Programs\MiKTeX\tex/latex/tools\verbatim.sty
Package: verbatim 2024-01-22 v1.5x LaTeX2e package for verbatim enhancements
\every@verbatim=\toks47
\verbatim@line=\toks48
\verbatim@in@stream=\read4
) (C:\Users\pochi\AppData\Local\Programs\MiKTeX\tex/latex/environ\environ.sty
Package: environ 2014/05/04 v0.3 A new way to define environments
 (C:\Users\pochi\AppData\Local\Programs\MiKTeX\tex/latex/trimspaces\trimspaces.sty
Package: trimspaces 2009/09/17 v1.1 Trim spaces around a token list
)) (C:\Users\pochi\AppData\Local\Programs\MiKTeX\tex/latex/etoolbox\etoolbox.sty
Package: etoolbox 2025/10/02 v2.5m e-TeX tools for LaTeX (JAW)
\etb@tempcnta=\count337
)
\tcb@titlebox=\box70
\tcb@upperbox=\box71
\tcb@lowerbox=\box72
\tcb@phantombox=\box73
\c@tcbbreakpart=\count338
\c@tcblayer=\count339
\c@tcolorbox@number=\count340
\l__tcobox_tmpa_box=\box74
\l__tcobox_tmpa_dim=\dimen307
\tcb@temp=\box75
\tcb@temp=\box76
\tcb@temp=\box77
\tcb@temp=\box78
) (C:\Users\pochi\AppData\Local\Programs\MiKTeX\tex/latex/fancyhdr\fancyhdr.sty
Package: fancyhdr 2025/02/07 v5.2 Extensive control of page headers and footers
\f@nch@headwidth=\skip62
\f@nch@offset@elh=\skip63
\f@nch@offset@erh=\skip64
\f@nch@offset@olh=\skip65
\f@nch@offset@orh=\skip66
\f@nch@offset@elf=\skip67
\f@nch@offset@erf=\skip68
\f@nch@offset@olf=\skip69
\f@nch@offset@orf=\skip70
\f@nch@height=\skip71
\f@nch@footalignment=\skip72
\f@nch@widthL=\skip73
\f@nch@widthC=\skip74
\f@nch@widthR=\skip75
\@temptokenb=\toks49
) (C:\Users\pochi\AppData\Local\Programs\MiKTeX\tex/latex/hyperref\hyperref.sty
Package: hyperref 2025-07-12 v7.01o Hypertext links for LaTeX
 (C:\Users\pochi\AppData\Local\Programs\MiKTeX\tex/latex/kvsetkeys\kvsetkeys.sty
Package: kvsetkeys 2022-10-05 v1.19 Key value parser (HO)
) (C:\Users\pochi\AppData\Local\Programs\MiKTeX\tex/generic/kvdefinekeys\kvdefinekeys.sty
Package: kvdefinekeys 2019-12-19 v1.6 Define keys (HO)
) (C:\Users\pochi\AppData\Local\Programs\MiKTeX\tex/generic/pdfescape\pdfescape.sty
Package: pdfescape 2019/12/09 v1.15 Implements pdfTeX's escape features (HO)
 (C:\Users\pochi\AppData\Local\Programs\MiKTeX\tex/generic/ltxcmds\ltxcmds.sty
Package: ltxcmds 2023-12-04 v1.26 LaTeX kernel commands for general use (HO)
) (C:\Users\pochi\AppData\Local\Programs\MiKTeX\tex/generic/pdftexcmds\pdftexcmds.sty
Package: pdftexcmds 2020-06-27 v0.33 Utility functions of pdfTeX for LuaTeX (HO)
 (C:\Users\pochi\AppData\Local\Programs\MiKTeX\tex/generic/infwarerr\infwarerr.sty
Package: infwarerr 2019/12/03 v1.5 Providing info/warning/error messages (HO)
)
Package pdftexcmds Info: \pdf@primitive is available.
Package pdftexcmds Info: \pdf@ifprimitive is available.
Package pdftexcmds Info: \pdfdraftmode found.
)) (C:\Users\pochi\AppData\Local\Programs\MiKTeX\tex/latex/hycolor\hycolor.sty
Package: hycolor 2020-01-27 v1.10 Color options for hyperref/bookmark (HO)
) (C:\Users\pochi\AppData\Local\Programs\MiKTeX\tex/latex/hyperref\nameref.sty
Package: nameref 2025-06-21 v2.57 Cross-referencing by name of section
 (C:\Users\pochi\AppData\Local\Programs\MiKTeX\tex/latex/refcount\refcount.sty
Package: refcount 2019/12/15 v3.6 Data extraction from label references (HO)
) (C:\Users\pochi\AppData\Local\Programs\MiKTeX\tex/generic/gettitlestring\gettitlestring.sty
Package: gettitlestring 2019/12/15 v1.6 Cleanup title references (HO)
 (C:\Users\pochi\AppData\Local\Programs\MiKTeX\tex/latex/kvoptions\kvoptions.sty
Package: kvoptions 2022-06-15 v3.15 Key value format for package options (HO)
))
\c@section@level=\count341
) (C:\Users\pochi\AppData\Local\Programs\MiKTeX\tex/generic/stringenc\stringenc.sty
Package: stringenc 2019/11/29 v1.12 Convert strings between diff. encodings (HO)
)
\@linkdim=\dimen308
\Hy@linkcounter=\count342
\Hy@pagecounter=\count343
 (C:\Users\pochi\AppData\Local\Programs\MiKTeX\tex/latex/hyperref\pd1enc.def
File: pd1enc.def 2025-07-12 v7.01o Hyperref: PDFDocEncoding definition (HO)
Now handling font encoding PD1 ...
... no UTF-8 mapping file for font encoding PD1
) (C:\Users\pochi\AppData\Local\Programs\MiKTeX\tex/generic/intcalc\intcalc.sty
Package: intcalc 2019/12/15 v1.3 Expandable calculations with integers (HO)
)
\Hy@SavedSpaceFactor=\count344
 (C:\Users\pochi\AppData\Local\Programs\MiKTeX\tex/latex/hyperref\puenc.def
File: puenc.def 2025-07-12 v7.01o Hyperref: PDF Unicode definition (HO)
Now handling font encoding PU ...
... no UTF-8 mapping file for font encoding PU
)
Package hyperref Info: Hyper figures OFF on input line 4195.
Package hyperref Info: Link nesting OFF on input line 4200.
Package hyperref Info: Hyper index ON on input line 4203.
Package hyperref Info: Plain pages OFF on input line 4210.
Package hyperref Info: Backreferencing OFF on input line 4215.
Package hyperref Info: Implicit mode ON; LaTeX internals redefined.
Package hyperref Info: Bookmarks ON on input line 4462.
\c@Hy@tempcnt=\count345
 (C:\Users\pochi\AppData\Local\Programs\MiKTeX\tex/latex/url\url.sty
\Urlmuskip=\muskip18
Package: url 2013/09/16  ver 3.4  Verb mode for urls, etc.
)
LaTeX Info: Redefining \url on input line 4801.
\XeTeXLinkMargin=\dimen309
 (C:\Users\pochi\AppData\Local\Programs\MiKTeX\tex/generic/bitset\bitset.sty
Package: bitset 2019/12/09 v1.3 Handle bit-vector datatype (HO)

(C:\Users\pochi\AppData\Local\Programs\MiKTeX\tex/generic/bigintcalc\bigintcalc.sty
Package: bigintcalc 2019/12/15 v1.5 Expandable calculations on big integers (HO)
))
\Fld@menulength=\count346
\Field@Width=\dimen310
\Fld@charsize=\dimen311
Package hyperref Info: Hyper figures OFF on input line 6078.
Package hyperref Info: Link nesting OFF on input line 6083.
Package hyperref Info: Hyper index ON on input line 6086.
Package hyperref Info: backreferencing OFF on input line 6093.
Package hyperref Info: Link coloring OFF on input line 6098.
Package hyperref Info: Link coloring with OCG OFF on input line 6103.
Package hyperref Info: PDF/A mode OFF on input line 6108.
\Hy@abspage=\count347
\c@Item=\count348
\c@Hfootnote=\count349
)
Package hyperref Info: Driver (autodetected): hpdftex.
 (C:\Users\pochi\AppData\Local\Programs\MiKTeX\tex/latex/hyperref\hpdftex.def
File: hpdftex.def 2025-07-12 v7.01o Hyperref driver for pdfTeX
\Fld@listcount=\count350
\c@bookmark@seq@number=\count351
 (C:\Users\pochi\AppData\Local\Programs\MiKTeX\tex/latex/rerunfilecheck\rerunfilecheck.sty
Package: rerunfilecheck 2025-06-21 v1.11 Rerun checks for auxiliary files (HO)
 (C:\Users\pochi\AppData\Local\Programs\MiKTeX\tex/generic/uniquecounter\uniquecounter.sty
Package: uniquecounter 2019/12/15 v1.4 Provide unlimited unique counter (HO)
)
Package uniquecounter Info: New unique counter `rerunfilecheck' on input line 284.
)
\Hy@SectionHShift=\skip76
) (C:\Users\pochi\AppData\Local\Programs\MiKTeX\tex/latex/csquotes\csquotes.sty
Package: csquotes 2024-04-04 v5.2o context-sensitive quotations (JAW)
\csq@reset=\count352
\csq@gtype=\count353
\csq@glevel=\count354
\csq@qlevel=\count355
\csq@maxlvl=\count356
\csq@tshold=\count357
\csq@ltx@everypar=\toks50
 (C:\Users\pochi\AppData\Local\Programs\MiKTeX\tex/latex/csquotes\csquotes.def
File: csquotes.def 2024-04-04 v5.2o csquotes generic definitions (JAW)
)
Package csquotes Info: Trying to load configuration file 'csquotes.cfg'...
Package csquotes Info: ... configuration file loaded successfully.
 (C:\Users\pochi\AppData\Local\Programs\MiKTeX\tex/latex/csquotes\csquotes.cfg
File: csquotes.cfg 
)) (C:\Users\pochi\AppData\Local\Programs\MiKTeX\tex/latex/biblatex\biblatex.sty
Package: biblatex 2025/07/10 v3.21 programmable bibliographies (PK/MW)
 (C:\Users\pochi\AppData\Local\Programs\MiKTeX\tex/latex/logreq\logreq.sty
Package: logreq 2010/08/04 v1.0 xml request logger
\lrq@indent=\count358
 (C:\Users\pochi\AppData\Local\Programs\MiKTeX\tex/latex/logreq\logreq.def
File: logreq.def 2010/08/04 v1.0 logreq spec v1.0
)) (C:\Users\pochi\AppData\Local\Programs\MiKTeX\tex/latex/base\ifthen.sty
Package: ifthen 2024/03/16 v1.1e Standard LaTeX ifthen package (DPC)
)
\c@tabx@nest=\count359
\c@listtotal=\count360
\c@listcount=\count361
\c@liststart=\count362
\c@liststop=\count363
\c@citecount=\count364
\c@citetotal=\count365
\c@multicitecount=\count366
\c@multicitetotal=\count367
\c@instcount=\count368
\c@maxnames=\count369
\c@minnames=\count370
\c@maxitems=\count371
\c@minitems=\count372
\c@citecounter=\count373
\c@maxcitecounter=\count374
\c@savedcitecounter=\count375
\c@uniquelist=\count376
\c@uniquename=\count377
\c@refsection=\count378
\c@refsegment=\count379
\c@maxextratitle=\count380
\c@maxextratitleyear=\count381
\c@maxextraname=\count382
\c@maxextradate=\count383
\c@maxextraalpha=\count384
\c@abbrvpenalty=\count385
\c@highnamepenalty=\count386
\c@lownamepenalty=\count387
\c@maxparens=\count388
\c@parenlevel=\count389
\blx@tempcnta=\count390
\blx@tempcntb=\count391
\blx@tempcntc=\count392
\c@blx@maxsection=\count393
\blx@maxsegment@0=\count394
\blx@notetype=\count395
\blx@parenlevel@text=\count396
\blx@parenlevel@foot=\count397
\blx@sectionciteorder@0=\count398
\blx@sectionciteorderinternal@0=\count399
\blx@entrysetcounter=\count400
\blx@biblioinstance=\count401
\labelnumberwidth=\skip77
\labelalphawidth=\skip78
\biblabelsep=\skip79
\bibitemsep=\skip80
\bibnamesep=\skip81
\bibinitsep=\skip82
\bibparsep=\skip83
\bibhang=\skip84
\blx@bcfin=\read5
\blx@bcfout=\write4
\blx@langwohyphens=\language80
\c@mincomprange=\count402
\c@maxcomprange=\count403
\c@mincompwidth=\count404
Package biblatex Info: Trying to load biblatex default data model...
Package biblatex Info: ... file 'blx-dm.def' found.
 (C:\Users\pochi\AppData\Local\Programs\MiKTeX\tex/latex/biblatex\blx-dm.def
File: blx-dm.def 2025/07/10 v3.21 biblatex datamodel (PK/MW)
)
Package biblatex Info: Trying to load biblatex style data model...
Package biblatex Info: ... file 'authoryear.dbx' not found.
Package biblatex Info: Trying to load biblatex custom data model...
Package biblatex Info: ... file 'biblatex-dm.cfg' not found.
\c@afterword=\count405
\c@savedafterword=\count406
\c@annotator=\count407
\c@savedannotator=\count408
\c@author=\count409
\c@savedauthor=\count410
\c@bookauthor=\count411
\c@savedbookauthor=\count412
\c@commentator=\count413
\c@savedcommentator=\count414
\c@editor=\count415
\c@savededitor=\count416
\c@editora=\count417
\c@savededitora=\count418
\c@editorb=\count419
\c@savededitorb=\count420
\c@editorc=\count421
\c@savededitorc=\count422
\c@foreword=\count423
\c@savedforeword=\count424
\c@holder=\count425
\c@savedholder=\count426
\c@introduction=\count427
\c@savedintroduction=\count428
\c@namea=\count429
\c@savednamea=\count430
\c@nameb=\count431
\c@savednameb=\count432
\c@namec=\count433
\c@savednamec=\count434
\c@translator=\count435
\c@savedtranslator=\count436
\c@shortauthor=\count437
\c@savedshortauthor=\count438
\c@shorteditor=\count439
\c@savedshorteditor=\count440
\c@labelname=\count441
\c@savedlabelname=\count442
\c@institution=\count443
\c@savedinstitution=\count444
\c@lista=\count445
\c@savedlista=\count446
\c@listb=\count447
\c@savedlistb=\count448
\c@listc=\count449
\c@savedlistc=\count450
\c@listd=\count451
\c@savedlistd=\count452
\c@liste=\count453
\c@savedliste=\count454
\c@listf=\count455
\c@savedlistf=\count456
\c@location=\count457
\c@savedlocation=\count458
\c@organization=\count459
\c@savedorganization=\count460
\c@origlocation=\count461
\c@savedoriglocation=\count462
\c@origpublisher=\count463
\c@savedorigpublisher=\count464
\c@publisher=\count465
\c@savedpublisher=\count466
\c@language=\count467
\c@savedlanguage=\count468
\c@origlanguage=\count469
\c@savedoriglanguage=\count470
\c@pageref=\count471
\c@savedpageref=\count472
\shorthandwidth=\skip85
\shortjournalwidth=\skip86
\shortserieswidth=\skip87
\shorttitlewidth=\skip88
\shortauthorwidth=\skip89
\shorteditorwidth=\skip90
\locallabelnumberwidth=\skip91
\locallabelalphawidth=\skip92
\localshorthandwidth=\skip93
\localshortjournalwidth=\skip94
\localshortserieswidth=\skip95
\localshorttitlewidth=\skip96
\localshortauthorwidth=\skip97
\localshorteditorwidth=\skip98
Package biblatex Info: Trying to load compatibility code...
Package biblatex Info: ... file 'blx-compat.def' found.
 (C:\Users\pochi\AppData\Local\Programs\MiKTeX\tex/latex/biblatex\blx-compat.def
File: blx-compat.def 2025/07/10 v3.21 biblatex compatibility (PK/MW)
)
Package biblatex Info: Trying to load generic definitions...
Package biblatex Info: ... file 'biblatex.def' found.
 (C:\Users\pochi\AppData\Local\Programs\MiKTeX\tex/latex/biblatex\biblatex.def
File: biblatex.def 2025/07/10 v3.21 biblatex compatibility (PK/MW)
\c@textcitecount=\count473
\c@textcitetotal=\count474
\c@textcitemaxnames=\count475
\c@biburlbigbreakpenalty=\count476
\c@biburlbreakpenalty=\count477
\c@biburlnumpenalty=\count478
\c@biburlucpenalty=\count479
\c@biburllcpenalty=\count480
\biburlbigskip=\muskip19
\biburlnumskip=\muskip20
\biburlucskip=\muskip21
\biburllcskip=\muskip22
\c@smartand=\count481
)
Package biblatex Info: Trying to load bibliography style 'authoryear'...
Package biblatex Info: ... file 'authoryear.bbx' found.
 (C:\Users\pochi\AppData\Local\Programs\MiKTeX\tex/latex/biblatex/bbx\authoryear.bbx
File: authoryear.bbx 2025/07/10 v3.21 biblatex bibliography style (PK/MW)
Package biblatex Info: Trying to load bibliography style 'standard'...
Package biblatex Info: ... file 'standard.bbx' found.
 (C:\Users\pochi\AppData\Local\Programs\MiKTeX\tex/latex/biblatex/bbx\standard.bbx
File: standard.bbx 2025/07/10 v3.21 biblatex bibliography style (PK/MW)
\c@bbx:relatedcount=\count482
\c@bbx:relatedtotal=\count483
))
Package biblatex Info: Trying to load citation style 'authoryear'...
Package biblatex Info: ... file 'authoryear.cbx' found.
 (C:\Users\pochi\AppData\Local\Programs\MiKTeX\tex/latex/biblatex/cbx\authoryear.cbx
File: authoryear.cbx 2025/07/10 v3.21 biblatex citation style (PK/MW)
Package biblatex Info: Redefining '\cite'.
Package biblatex Info: Redefining '\parencite'.
Package biblatex Info: Redefining '\footcite'.
Package biblatex Info: Redefining '\footcitetext'.
Package biblatex Info: Redefining '\smartcite'.
Package biblatex Info: Redefining '\textcite'.
Package biblatex Info: Redefining '\textcites'.
)
Package biblatex Info: Trying to load configuration file...
Package biblatex Info: ... file 'biblatex.cfg' found.
 (C:\Users\pochi\AppData\Local\Programs\MiKTeX\tex/latex/biblatex\biblatex.cfg
File: biblatex.cfg 
)
Package biblatex Info: Input encoding 'utf8' detected.
Package biblatex Info: Document encoding is UTF8 ....
 (C:\Users\pochi\AppData\Local\Programs\MiKTeX\tex/latex/l3kernel\expl3.sty
Package: expl3 2025-12-24 L3 programming layer (loader) 
 (C:\Users\pochi\AppData\Local\Programs\MiKTeX\tex/latex/l3backend\l3backend-pdftex.def
File: l3backend-pdftex.def 2025-10-09 L3 backend support: PDF output (pdfTeX)
\l__color_backend_stack_int=\count484
))
Package biblatex Info: ... and expl3
(biblatex)             2025-12-24 L3 programming layer (loader) 
(biblatex)             is new enough (at least 2020/04/06),
(biblatex)             setting 'casechanger=expl3'.
 (C:\Users\pochi\AppData\Local\Programs\MiKTeX\tex/latex/biblatex\blx-case-expl3.sty (C:\Users\pochi\AppData\Local\Programs\MiKTeX\tex/latex/l3packages/xparse\xparse.sty
Package: xparse 2025-10-09 L3 Experimental document command parser
)
Package: blx-case-expl3 2025/07/10 v3.21 expl3 case changing code for biblatex
)) (C:\Users\pochi\AppData\Local\Programs\MiKTeX\tex/latex/tocloft\tocloft.sty
Package: tocloft 2017/08/31 v2.3i parameterised ToC, etc., typesetting
Package tocloft Info: The document has chapter divisions on input line 51.
\cftparskip=\skip99
\cftbeforetoctitleskip=\skip100
\cftaftertoctitleskip=\skip101
\cftbeforepartskip=\skip102
\cftpartnumwidth=\skip103
\cftpartindent=\skip104
\cftbeforechapskip=\skip105
\cftchapindent=\skip106
\cftchapnumwidth=\skip107
\cftbeforesecskip=\skip108
\cftsecindent=\skip109
\cftsecnumwidth=\skip110
\cftbeforesubsecskip=\skip111
\cftsubsecindent=\skip112
\cftsubsecnumwidth=\skip113
\cftbeforesubsubsecskip=\skip114
\cftsubsubsecindent=\skip115
\cftsubsubsecnumwidth=\skip116
\cftbeforeparaskip=\skip117
\cftparaindent=\skip118
\cftparanumwidth=\skip119
\cftbeforesubparaskip=\skip120
\cftsubparaindent=\skip121
\cftsubparanumwidth=\skip122
\cftbeforeloftitleskip=\skip123
\cftafterloftitleskip=\skip124
\cftbeforefigskip=\skip125
\cftfigindent=\skip126
\cftfignumwidth=\skip127
\c@lofdepth=\count485
\c@lotdepth=\count486
\cftbeforelottitleskip=\skip128
\cftafterlottitleskip=\skip129
\cftbeforetabskip=\skip130
\cfttabindent=\skip131
\cfttabnumwidth=\skip132
) (C:\Users\pochi\AppData\Local\Programs\MiKTeX\tex/latex/titlesec\titlesec.sty
Package: titlesec 2025/01/04 v2.17 Sectioning titles
\ttl@box=\box79
\beforetitleunit=\skip133
\aftertitleunit=\skip134
\ttl@plus=\dimen312
\ttl@minus=\dimen313
\ttl@toksa=\toks51
\titlewidth=\dimen314
\titlewidthlast=\dimen315
\titlewidthfirst=\dimen316
)
Package csquotes Info: Checking for multilingual support...
Package csquotes Info: ... found 'babel' package.
Package csquotes Info: Adjusting default style.
Package csquotes Info: Redefining alias 'default' -> 'english'.
 (main.aux (Chapter_1.aux) (Chapter_2.aux) (Chapter_3.aux) (Chapter_4.aux))
\openout1 = `main.aux'.

LaTeX Font Info:    Checking defaults for OML/cmm/m/it on input line 189.
LaTeX Font Info:    ... okay on input line 189.
LaTeX Font Info:    Checking defaults for OMS/cmsy/m/n on input line 189.
LaTeX Font Info:    ... okay on input line 189.
LaTeX Font Info:    Checking defaults for OT1/cmr/m/n on input line 189.
LaTeX Font Info:    ... okay on input line 189.
LaTeX Font Info:    Checking defaults for T1/cmr/m/n on input line 189.
LaTeX Font Info:    ... okay on input line 189.
LaTeX Font Info:    Checking defaults for TS1/cmr/m/n on input line 189.
LaTeX Font Info:    ... okay on input line 189.
LaTeX Font Info:    Checking defaults for OMX/cmex/m/n on input line 189.
LaTeX Font Info:    ... okay on input line 189.
LaTeX Font Info:    Checking defaults for U/cmr/m/n on input line 189.
LaTeX Font Info:    ... okay on input line 189.
LaTeX Font Info:    Checking defaults for PD1/pdf/m/n on input line 189.
LaTeX Font Info:    ... okay on input line 189.
LaTeX Font Info:    Checking defaults for PU/pdf/m/n on input line 189.
LaTeX Font Info:    ... okay on input line 189.

*geometry* driver: auto-detecting
*geometry* detected driver: pdftex
*geometry* verbose mode - [ preamble ] result:
* driver: pdftex
* paper: a4paper
* layout: <same size as paper>
* layoutoffset:(h,v)=(0.0pt,0.0pt)
* modes: twoside 
* h-part:(L,W,R)=(56.9055pt, 483.69687pt, 56.9055pt)
* v-part:(T,H,B)=(56.9055pt, 731.23584pt, 56.9055pt)
* \paperwidth=597.50787pt
* \paperheight=845.04684pt
* \textwidth=483.69687pt
* \textheight=731.23584pt
* \oddsidemargin=-15.36449pt
* \evensidemargin=-15.36449pt
* \topmargin=-47.23828pt
* \headheight=15.0pt
* \headsep=19.8738pt
* \topskip=12.0pt
* \footskip=30.0pt
* \marginparwidth=98.0pt
* \marginparsep=7.0pt
* \columnsep=10.0pt
* \skip\footins=10.8pt plus 4.0pt minus 2.0pt
* \hoffset=0.0pt
* \voffset=0.0pt
* \mag=1000
* \@twocolumnfalse
* \@twosidetrue
* \@mparswitchtrue
* \@reversemarginfalse
* (1in=72.27pt=25.4mm, 1cm=28.453pt)

(C:\Users\pochi\AppData\Local\Programs\MiKTeX\tex/context/base/mkii\supp-pdf.mkii
[Loading MPS to PDF converter (version 2006.09.02).]
\scratchcounter=\count487
\scratchdimen=\dimen317
\scratchbox=\box80
\nofMPsegments=\count488
\nofMParguments=\count489
\everyMPshowfont=\toks52
\MPscratchCnt=\count490
\MPscratchDim=\dimen318
\MPnumerator=\count491
\makeMPintoPDFobject=\count492
\everyMPtoPDFconversion=\toks53
) (C:\Users\pochi\AppData\Local\Programs\MiKTeX\tex/latex/epstopdf-pkg\epstopdf-base.sty
Package: epstopdf-base 2020-01-24 v2.11 Base part for package epstopdf
Package epstopdf-base Info: Redefining graphics rule for `.eps' on input line 485.
 (C:\Users\pochi\AppData\Local\Programs\MiKTeX\tex/latex/00miktex\epstopdf-sys.cfg
File: epstopdf-sys.cfg 2021/03/18 v2.0 Configuration of epstopdf for MiKTeX
))
Package caption Info: Begin \AtBeginDocument code.
Package caption Info: hyperref package is loaded.
Package caption Info: End \AtBeginDocument code.
Package hyperref Info: Link coloring OFF on input line 189.
 (main.out) (main.out)
\@outlinefile=\write5
\openout5 = `main.out'.

Package biblatex Info: Trying to load language 'english'...
Package biblatex Info: ... file 'english.lbx' found.
 (C:\Users\pochi\AppData\Local\Programs\MiKTeX\tex/latex/biblatex/lbx\english.lbx
File: english.lbx 2025/07/10 v3.21 biblatex localization (PK/MW)
)
Package biblatex Info: Input encoding 'utf8' detected.
Package biblatex Info: Automatic encoding selection.
(biblatex)             Assuming data encoding 'utf8'.
\openout4 = `main.bcf'.

Package biblatex Info: Trying to load bibliographic data...
Package biblatex Info: ... file 'main.bbl' found.
 (main.bbl)
Package biblatex Info: Reference section=0 on input line 189.
Package biblatex Info: Reference segment=0 on input line 189.
 [1

{C:/Users/pochi/AppData/Local/MiKTeX/fonts/map/pdftex/pdftex.map}] (main.toc
LaTeX Font Info:    Trying to load font information for U+msa on input line 2.
 (C:\Users\pochi\AppData\Local\Programs\MiKTeX\tex/latex/amsfonts\umsa.fd
File: umsa.fd 2013/01/14 v3.01 AMS symbols A
)
LaTeX Font Info:    Trying to load font information for U+msb on input line 2.
 (C:\Users\pochi\AppData\Local\Programs\MiKTeX\tex/latex/amsfonts\umsb.fd
File: umsb.fd 2013/01/14 v3.01 AMS symbols B
))
\tf@toc=\write6
\openout6 = `main.toc'.

 [2

] [3

]
\openout2 = `Chapter_1.aux'.

 (Chapter_1.tex
Chapter 1.
[4


] [5] [6] [7] [8] [9]
<Thesis_images/Loss_cone.png, id=265, 320.48303pt x 399.6359pt>
File: Thesis_images/Loss_cone.png Graphic file (type png)
<use Thesis_images/Loss_cone.png>
Package pdftex.def Info: Thesis_images/Loss_cone.png  used on input line 212.
(pdftex.def)             Requested size: 241.84843pt x 301.59215pt.

Underfull \vbox (badness 10000) has occurred while \output is active []

 [10 <./Thesis_images/Loss_cone.png>] [11] [12] [13]
Overfull \hbox (11.55556pt too wide) in paragraph at lines 390--390
|[]\T1/cmr/bx/n/14.4 Gravitational Waves from Black Hole Bi-na-ries and Back-Reaction| 
 []

[14] [15] [16] [17]) [18]
\openout2 = `Chapter_2.aux'.

 (Chapter_2.tex
Chapter 2.
[19




] [20]
<Thesis_images/H_1.png, id=456, 235.30768pt x 364.79143pt>
File: Thesis_images/H_1.png Graphic file (type png)
<use Thesis_images/H_1.png>
Package pdftex.def Info: Thesis_images/H_1.png  used on input line 88.
(pdftex.def)             Requested size: 241.84843pt x 374.94337pt.
 [21 <./Thesis_images/H_1.png>] [22]
<Thesis_images/a_and_e_quinlan.png, id=476, 301.55518pt x 376.40625pt>
File: Thesis_images/a_and_e_quinlan.png Graphic file (type png)
<use Thesis_images/a_and_e_quinlan.png>
Package pdftex.def Info: Thesis_images/a_and_e_quinlan.png  used on input line 120.
(pdftex.def)             Requested size: 241.84843pt x 301.88353pt.
 [23 <./Thesis_images/a_and_e_quinlan.png>]
<Thesis_images/H_Sesana2006.png, id=488, 338.55054pt x 318.33214pt>
File: Thesis_images/H_Sesana2006.png Graphic file (type png)
<use Thesis_images/H_Sesana2006.png>
Package pdftex.def Info: Thesis_images/H_Sesana2006.png  used on input line 151.
(pdftex.def)             Requested size: 241.84843pt x 227.40659pt.
<Thesis_images/K_Sesana2006.png, id=489, 332.52803pt x 330.37714pt>
File: Thesis_images/K_Sesana2006.png Graphic file (type png)
<use Thesis_images/K_Sesana2006.png>
Package pdftex.def Info: Thesis_images/K_Sesana2006.png  used on input line 161.
(pdftex.def)             Requested size: 241.84843pt x 240.29109pt.
 [24 <./Thesis_images/H_Sesana2006.png>] [25 <./Thesis_images/K_Sesana2006.png>]
<Thesis_images/H_vs_a.png, id=527, 406.1574pt x 312.2064pt>
File: Thesis_images/H_vs_a.png Graphic file (type png)
<use Thesis_images/H_vs_a.png>
Package pdftex.def Info: Thesis_images/H_vs_a.png  used on input line 258.
(pdftex.def)             Requested size: 241.84843pt x 185.90088pt.
 [26]
<Thesis_images/Sesana_2006_Table_1.png, id=545, 582.175pt x 350.30875pt>
File: Thesis_images/Sesana_2006_Table_1.png Graphic file (type png)
<use Thesis_images/Sesana_2006_Table_1.png>
Package pdftex.def Info: Thesis_images/Sesana_2006_Table_1.png  used on input line 270.
(pdftex.def)             Requested size: 241.84843pt x 145.52509pt.
<Thesis_images/Sesana_2006_Table_3.png, id=547, 758.835pt x 1178.4025pt>
File: Thesis_images/Sesana_2006_Table_3.png Graphic file (type png)
<use Thesis_images/Sesana_2006_Table_3.png>
Package pdftex.def Info: Thesis_images/Sesana_2006_Table_3.png  used on input line 281.
(pdftex.def)             Requested size: 241.84843pt x 375.56813pt.

Underfull \vbox (badness 10000) has occurred while \output is active []

 [27 <./Thesis_images/H_vs_a.png> <./Thesis_images/Sesana_2006_Table_1.png>]
<Thesis_images/A_K_vs_e.png, id=561, 423.984pt x 314.3745pt>
File: Thesis_images/A_K_vs_e.png Graphic file (type png)
<use Thesis_images/A_K_vs_e.png>
Package pdftex.def Info: Thesis_images/A_K_vs_e.png  used on input line 291.
(pdftex.def)             Requested size: 241.84843pt x 179.32964pt.
<Thesis_images/a0_K_vs_e.png, id=562, 417.4797pt x 311.7246pt>
File: Thesis_images/a0_K_vs_e.png Graphic file (type png)
<use Thesis_images/a0_K_vs_e.png>
Package pdftex.def Info: Thesis_images/a0_K_vs_e.png  used on input line 299.
(pdftex.def)             Requested size: 241.84843pt x 180.58633pt.

Underfull \vbox (badness 10000) has occurred while \output is active []

 [28 <./Thesis_images/Sesana_2006_Table_3.png> <./Thesis_images/A_K_vs_e.png>]
<Thesis_images/gamma_K_vs_e.png, id=574, 416.2752pt x 311.7246pt>
File: Thesis_images/gamma_K_vs_e.png Graphic file (type png)
<use Thesis_images/gamma_K_vs_e.png>
Package pdftex.def Info: Thesis_images/gamma_K_vs_e.png  used on input line 307.
(pdftex.def)             Requested size: 241.84843pt x 181.10956pt.
<Thesis_images/B_K_vs_e.png, id=575, 438.6789pt x 311.7246pt>
File: Thesis_images/B_K_vs_e.png Graphic file (type png)
<use Thesis_images/B_K_vs_e.png>
Package pdftex.def Info: Thesis_images/B_K_vs_e.png  used on input line 319.
(pdftex.def)             Requested size: 241.84843pt x 171.85811pt.
<Thesis_images/K_vs_a.png, id=576, 424.2249pt x 315.8199pt>
File: Thesis_images/K_vs_a.png Graphic file (type png)
<use Thesis_images/K_vs_a.png>
Package pdftex.def Info: Thesis_images/K_vs_a.png  used on input line 329.
(pdftex.def)             Requested size: 241.84843pt x 180.04813pt.
 [29 <./Thesis_images/a0_K_vs_e.png> <./Thesis_images/gamma_K_vs_e.png> <./Thesis_images/B_K_vs_e.png>]
<Thesis_images/K_vs_e.png, id=584, 430.4883pt x 311.7246pt>
File: Thesis_images/K_vs_e.png Graphic file (type png)
<use Thesis_images/K_vs_e.png>
Package pdftex.def Info: Thesis_images/K_vs_e.png  used on input line 337.
(pdftex.def)             Requested size: 241.84843pt x 175.12585pt.
<Thesis_images/dK_de_vs_e.png, id=588, 424.2249pt x 311.7246pt>
File: Thesis_images/dK_de_vs_e.png Graphic file (type png)
<use Thesis_images/dK_de_vs_e.png>
Package pdftex.def Info: Thesis_images/dK_de_vs_e.png  used on input line 345.
(pdftex.def)             Requested size: 241.84843pt x 177.7134pt.
 [30 <./Thesis_images/K_vs_a.png> <./Thesis_images/K_vs_e.png> <./Thesis_images/dK_de_vs_e.png>]
<Thesis_images/a_vs_t_check.png, id=599, 416.9979pt x 311.9655pt>
File: Thesis_images/a_vs_t_check.png Graphic file (type png)
<use Thesis_images/a_vs_t_check.png>
Package pdftex.def Info: Thesis_images/a_vs_t_check.png  used on input line 382.
(pdftex.def)             Requested size: 241.84843pt x 180.93535pt.
<Thesis_images/e_vs_t_check.png, id=600, 409.53pt x 315.8199pt>
File: Thesis_images/e_vs_t_check.png Graphic file (type png)
<use Thesis_images/e_vs_t_check.png>
Package pdftex.def Info: Thesis_images/e_vs_t_check.png  used on input line 391.
(pdftex.def)             Requested size: 241.84843pt x 186.51042pt.
 [31 <./Thesis_images/a_vs_t_check.png> <./Thesis_images/e_vs_t_check.png>]
<Thesis_images/a_vs_t_UN.png, id=619, 416.9979pt x 327.3831pt>
File: Thesis_images/a_vs_t_UN.png Graphic file (type png)
<use Thesis_images/a_vs_t_UN.png>
Package pdftex.def Info: Thesis_images/a_vs_t_UN.png  used on input line 403.
(pdftex.def)             Requested size: 181.20808pt x 142.26378pt.
<Thesis_images/e_vs_t_UN.png, id=620, 409.53pt x 311.9655pt>
File: Thesis_images/e_vs_t_UN.png Graphic file (type png)
<use Thesis_images/e_vs_t_UN.png>
Package pdftex.def Info: Thesis_images/e_vs_t_UN.png  used on input line 411.
(pdftex.def)             Requested size: 186.76135pt x 142.26378pt.
<Thesis_images/a_vs_t_GW.png, id=624, 416.9979pt x 327.3831pt>
File: Thesis_images/a_vs_t_GW.png Graphic file (type png)
<use Thesis_images/a_vs_t_GW.png>
Package pdftex.def Info: Thesis_images/a_vs_t_GW.png  used on input line 429.
(pdftex.def)             Requested size: 181.20808pt x 142.26378pt.
<Thesis_images/e_vs_t_GW.png, id=625, 415.7934pt x 311.9655pt>
File: Thesis_images/e_vs_t_GW.png Graphic file (type png)
<use Thesis_images/e_vs_t_GW.png>
Package pdftex.def Info: Thesis_images/e_vs_t_GW.png  used on input line 437.
(pdftex.def)             Requested size: 189.6177pt x 142.26378pt.
<Thesis_images/a_vs_e_GW.png, id=629, 409.53pt x 311.7246pt>
File: Thesis_images/a_vs_e_GW.png Graphic file (type png)
<use Thesis_images/a_vs_e_GW.png>
Package pdftex.def Info: Thesis_images/a_vs_e_GW.png  used on input line 455.
(pdftex.def)             Requested size: 186.89883pt x 142.26378pt.
<Thesis_images/a_vs_e_Maggiore.png, id=630, 409.53pt x 311.7246pt>
File: Thesis_images/a_vs_e_Maggiore.png Graphic file (type png)
<use Thesis_images/a_vs_e_Maggiore.png>
Package pdftex.def Info: Thesis_images/a_vs_e_Maggiore.png  used on input line 463.
(pdftex.def)             Requested size: 186.89883pt x 142.26378pt.

Underfull \vbox (badness 7362) has occurred while \output is active []

 [32 <./Thesis_images/a_vs_t_UN.png> <./Thesis_images/e_vs_t_UN.png> <./Thesis_images/a_vs_t_GW.png> <./Thesis_images/e_vs_t_GW.png>]
<Thesis_images/error_a_vs_e_GW.png, id=643, 399.894pt x 322.3242pt>
File: Thesis_images/error_a_vs_e_GW.png Graphic file (type png)
<use Thesis_images/error_a_vs_e_GW.png>
Package pdftex.def Info: Thesis_images/error_a_vs_e_GW.png  used on input line 476.
(pdftex.def)             Requested size: 241.84843pt x 194.93542pt.
) [33 <./Thesis_images/a_vs_e_GW.png> <./Thesis_images/a_vs_e_Maggiore.png> <./Thesis_images/error_a_vs_e_GW.png>]
\openout2 = `Chapter_3.aux'.

 (Chapter_3.tex
<Thesis_images/Khan_2021_table.png, id=656, 618.05907pt x 146.04562pt>
File: Thesis_images/Khan_2021_table.png Graphic file (type png)
<use Thesis_images/Khan_2021_table.png>
Package pdftex.def Info: Thesis_images/Khan_2021_table.png  used on input line 19.
(pdftex.def)             Requested size: 241.84843pt x 57.14697pt.
<Thesis_images/NGC205_density_profile.png, id=658, 418.9251pt x 315.8199pt>
File: Thesis_images/NGC205_density_profile.png Graphic file (type png)
<use Thesis_images/NGC205_density_profile.png>
Package pdftex.def Info: Thesis_images/NGC205_density_profile.png  used on input line 36.
(pdftex.def)             Requested size: 241.84843pt x 182.3227pt.

Overfull \hbox (7.18593pt too wide) in paragraph at lines 40--41
[]\T1/cmr/m/n/12 Adopting the same pre-scrip-tion of []Khan and Holley-Bockelmann []2021[] and []Holley-Bockelmann
 []

[34



 <./Thesis_images/Khan_2021_table.png> <./Thesis_images/NGC205_density_profile.png>]
Overfull \hbox (3.68037pt too wide) in paragraph at lines 82--85
\T1/cmr/m/n/12 The in-te-gral leads to $\OML/cmm/m/it/12 ^^[[] \OT1/cmr/m/n/12 =$\T1/cmr/m/n/12 32.6km/s. As both $\OML/cmm/m/it/12 ^^[\OT1/cmr/m/n/12 (\OML/cmm/m/it/12 r\OT1/cmr/m/n/12 )$ \T1/cmr/m/n/12 and the cir-cu-lar speed $\OML/cmm/m/it/12 V[]\OT1/cmr/m/n/12 (\OML/cmm/m/it/12 r\OT1/cmr/m/n/12 ) = []$
 []

<Thesis_images/NGC205_Vc_over_sigma_profile.png, id=686, 417.9615pt x 311.9655pt>
File: Thesis_images/NGC205_Vc_over_sigma_profile.png Graphic file (type png)
<use Thesis_images/NGC205_Vc_over_sigma_profile.png>
Package pdftex.def Info: Thesis_images/NGC205_Vc_over_sigma_profile.png  used on input line 89.
(pdftex.def)             Requested size: 241.84843pt x 180.51645pt.
[35]
<Thesis_images/NGC205_a_vs_t.png, id=706, 416.757pt x 311.9655pt>
File: Thesis_images/NGC205_a_vs_t.png Graphic file (type png)
<use Thesis_images/NGC205_a_vs_t.png>
Package pdftex.def Info: Thesis_images/NGC205_a_vs_t.png  used on input line 114.
(pdftex.def)             Requested size: 241.84843pt x 181.03531pt.

Underfull \vbox (badness 10000) has occurred while \output is active []

 [36 <./Thesis_images/NGC205_Vc_over_sigma_profile.png>]
<Thesis_images/NGC205_e_vs_t.png, id=718, 409.53pt x 311.9655pt>
File: Thesis_images/NGC205_e_vs_t.png Graphic file (type png)
<use Thesis_images/NGC205_e_vs_t.png>
Package pdftex.def Info: Thesis_images/NGC205_e_vs_t.png  used on input line 122.
(pdftex.def)             Requested size: 241.84843pt x 184.23418pt.
 [37 <./Thesis_images/NGC205_a_vs_t.png> <./Thesis_images/NGC205_e_vs_t.png>]
<Thesis_images/NGC205_Bulge_a_vs_t.png, id=731, 416.757pt x 311.9655pt>
File: Thesis_images/NGC205_Bulge_a_vs_t.png Graphic file (type png)
<use Thesis_images/NGC205_Bulge_a_vs_t.png>
Package pdftex.def Info: Thesis_images/NGC205_Bulge_a_vs_t.png  used on input line 139.
(pdftex.def)             Requested size: 241.84843pt x 181.03531pt.
<Thesis_images/NGC205_Bulge_e_vs_t.png, id=732, 409.53pt x 311.9655pt>
File: Thesis_images/NGC205_Bulge_e_vs_t.png Graphic file (type png)
<use Thesis_images/NGC205_Bulge_e_vs_t.png>
Package pdftex.def Info: Thesis_images/NGC205_Bulge_e_vs_t.png  used on input line 146.
(pdftex.def)             Requested size: 241.84843pt x 184.23418pt.
<Thesis_images/Galaxies_density_profile.png, id=735, 436.7517pt x 314.3745pt>
File: Thesis_images/Galaxies_density_profile.png Graphic file (type png)
<use Thesis_images/Galaxies_density_profile.png>
Package pdftex.def Info: Thesis_images/Galaxies_density_profile.png  used on input line 155.
(pdftex.def)             Requested size: 241.84843pt x 174.08176pt.

Underfull \vbox (badness 10000) has occurred while \output is active []

 [38 <./Thesis_images/NGC205_Bulge_a_vs_t.png> <./Thesis_images/NGC205_Bulge_e_vs_t.png>]
<Thesis_images/Galaxies_H_unbound.png, id=749, 406.1574pt x 311.9655pt>
File: Thesis_images/Galaxies_H_unbound.png Graphic file (type png)
<use Thesis_images/Galaxies_H_unbound.png>
Package pdftex.def Info: Thesis_images/Galaxies_H_unbound.png  used on input line 162.
(pdftex.def)             Requested size: 241.84843pt x 185.75743pt.
<Thesis_images/Galaxies_K_unbound.png, id=750, 424.2249pt x 311.7246pt>
File: Thesis_images/Galaxies_K_unbound.png Graphic file (type png)
<use Thesis_images/Galaxies_K_unbound.png>
Package pdftex.def Info: Thesis_images/Galaxies_K_unbound.png  used on input line 170.
(pdftex.def)             Requested size: 241.84843pt x 177.7134pt.
<Thesis_images/Galaxies_a_vs_t.png, id=755, 416.757pt x 311.9655pt>
File: Thesis_images/Galaxies_a_vs_t.png Graphic file (type png)
<use Thesis_images/Galaxies_a_vs_t.png>
Package pdftex.def Info: Thesis_images/Galaxies_a_vs_t.png  used on input line 177.
(pdftex.def)             Requested size: 241.84843pt x 181.03531pt.
 [39 <./Thesis_images/Galaxies_density_profile.png> <./Thesis_images/Galaxies_H_unbound.png> <./Thesis_images/Galaxies_K_unbound.png>]
<Thesis_images/Galaxies_e_vs_t.png, id=765, 409.53pt x 311.9655pt>
File: Thesis_images/Galaxies_e_vs_t.png Graphic file (type png)
<use Thesis_images/Galaxies_e_vs_t.png>
Package pdftex.def Info: Thesis_images/Galaxies_e_vs_t.png  used on input line 186.
(pdftex.def)             Requested size: 241.84843pt x 184.23418pt.
<Thesis_images/Galaxies_a_vs_t_from_t(z).png, id=766, 416.757pt x 311.9655pt>
File: Thesis_images/Galaxies_a_vs_t_from_t(z).png Graphic file (type png)
<use Thesis_images/Galaxies_a_vs_t_from_t(z).png>
Package pdftex.def Info: Thesis_images/Galaxies_a_vs_t_from_t(z).png  used on input line 226.
(pdftex.def)             Requested size: 241.84843pt x 181.03531pt.

Underfull \vbox (badness 10000) has occurred while \output is active []

 [40 <./Thesis_images/Galaxies_a_vs_t.png> <./Thesis_images/Galaxies_e_vs_t.png>]) [41 <./Thesis_images/Galaxies_a_vs_t_from_t(z).png>]
\openout2 = `Chapter_4.aux'.

 (Chapter_4.tex [42



] [43]
<Thesis_images/NGC205_bulge_scatter.png, id=811, 361.5909pt x 326.9013pt>
File: Thesis_images/NGC205_bulge_scatter.png Graphic file (type png)
<use Thesis_images/NGC205_bulge_scatter.png>
Package pdftex.def Info: Thesis_images/NGC205_bulge_scatter.png  used on input line 152.
(pdftex.def)             Requested size: 241.84843pt x 218.65361pt.
<Thesis_images/NGC205_NSC_scatter.png, id=812, 399.894pt x 326.9013pt>
File: Thesis_images/NGC205_NSC_scatter.png Graphic file (type png)
<use Thesis_images/NGC205_NSC_scatter.png>
Package pdftex.def Info: Thesis_images/NGC205_NSC_scatter.png  used on input line 159.
(pdftex.def)             Requested size: 241.84843pt x 197.70357pt.
<Thesis_images/NGC205_scatter.png, id=813, 636.6987pt x 281.3712pt>
File: Thesis_images/NGC205_scatter.png Graphic file (type png)
<use Thesis_images/NGC205_scatter.png>
Package pdftex.def Info: Thesis_images/NGC205_scatter.png  used on input line 166.
(pdftex.def)             Requested size: 241.84843pt x 106.87923pt.
<Thesis_images/NGC205_bulge_space_hist.png, id=814, 431.6928pt x 327.8649pt>
File: Thesis_images/NGC205_bulge_space_hist.png Graphic file (type png)
<use Thesis_images/NGC205_bulge_space_hist.png>
Package pdftex.def Info: Thesis_images/NGC205_bulge_space_hist.png  used on input line 176.
(pdftex.def)             Requested size: 145.11053pt x 110.20688pt.
<Thesis_images/NGC205_NSC_space_hist.png, id=815, 431.6928pt x 327.8649pt>
File: Thesis_images/NGC205_NSC_space_hist.png Graphic file (type png)
<use Thesis_images/NGC205_NSC_space_hist.png>
Package pdftex.def Info: Thesis_images/NGC205_NSC_space_hist.png  used on input line 182.
(pdftex.def)             Requested size: 145.11053pt x 110.20688pt.
<Thesis_images/NGC205_space_hist.png, id=816, 431.6928pt x 327.8649pt>
File: Thesis_images/NGC205_space_hist.png Graphic file (type png)
<use Thesis_images/NGC205_space_hist.png>
Package pdftex.def Info: Thesis_images/NGC205_space_hist.png  used on input line 188.
(pdftex.def)             Requested size: 145.11053pt x 110.20688pt.


LaTeX Warning: `h' float specifier changed to `ht'.

<Thesis_images/NGC205_bulge_velocity_hist.png, id=817, 425.4294pt x 327.1422pt>
File: Thesis_images/NGC205_bulge_velocity_hist.png Graphic file (type png)
<use Thesis_images/NGC205_bulge_velocity_hist.png>
Package pdftex.def Info: Thesis_images/NGC205_bulge_velocity_hist.png  used on input line 200.
(pdftex.def)             Requested size: 145.11053pt x 111.58627pt.
<Thesis_images/NGC205_NSC_velocity_hist.png, id=818, 425.4294pt x 327.1422pt>
File: Thesis_images/NGC205_NSC_velocity_hist.png Graphic file (type png)
<use Thesis_images/NGC205_NSC_velocity_hist.png>
Package pdftex.def Info: Thesis_images/NGC205_NSC_velocity_hist.png  used on input line 206.
(pdftex.def)             Requested size: 145.11053pt x 111.58627pt.
<Thesis_images/NGC205_velocity_hist.png, id=819, 425.4294pt x 327.1422pt>
File: Thesis_images/NGC205_velocity_hist.png Graphic file (type png)
<use Thesis_images/NGC205_velocity_hist.png>
Package pdftex.def Info: Thesis_images/NGC205_velocity_hist.png  used on input line 212.
(pdftex.def)             Requested size: 145.11053pt x 111.58627pt.

LaTeX Warning: `h' float specifier changed to `ht'.

<Thesis_images/NGC205_bulge_density_Nbody.png, id=820, 413.3844pt x 327.1422pt>
File: Thesis_images/NGC205_bulge_density_Nbody.png Graphic file (type png)
<use Thesis_images/NGC205_bulge_density_Nbody.png>
Package pdftex.def Info: Thesis_images/NGC205_bulge_density_Nbody.png  used on input line 224.
(pdftex.def)             Requested size: 145.11053pt x 114.83592pt.
<Thesis_images/NGC205_NSC_density_Nbody.png, id=821, 417.7206pt x 327.1422pt>
File: Thesis_images/NGC205_NSC_density_Nbody.png Graphic file (type png)
<use Thesis_images/NGC205_NSC_density_Nbody.png>
Package pdftex.def Info: Thesis_images/NGC205_NSC_density_Nbody.png  used on input line 230.
(pdftex.def)             Requested size: 145.11053pt x 113.64288pt.
File: Thesis_images/NGC205_NSC_density_Nbody.png Graphic file (type png)
<use Thesis_images/NGC205_NSC_density_Nbody.png>
Package pdftex.def Info: Thesis_images/NGC205_NSC_density_Nbody.png  used on input line 236.
(pdftex.def)             Requested size: 145.11053pt x 113.64288pt.

LaTeX Warning: `h' float specifier changed to `ht'.

<Thesis_images/NGC205_density_Nbody_vs_analytic.png, id=822, 426.393pt x 327.8649pt>
File: Thesis_images/NGC205_density_Nbody_vs_analytic.png Graphic file (type png)
<use Thesis_images/NGC205_density_Nbody_vs_analytic.png>
Package pdftex.def Info: Thesis_images/NGC205_density_Nbody_vs_analytic.png  used on input line 249.
(pdftex.def)             Requested size: 217.66211pt x 167.36397pt.
<Thesis_images/NGC205_mass_Nbody_vs_analytic.png, id=823, 411.2163pt x 327.1422pt>
File: Thesis_images/NGC205_mass_Nbody_vs_analytic.png Graphic file (type png)
<use Thesis_images/NGC205_mass_Nbody_vs_analytic.png>
Package pdftex.def Info: Thesis_images/NGC205_mass_Nbody_vs_analytic.png  used on input line 255.
(pdftex.def)             Requested size: 217.66211pt x 173.16489pt.

LaTeX Warning: `h' float specifier changed to `ht'.

[44 <./Thesis_images/NGC205_bulge_scatter.png> <./Thesis_images/NGC205_NSC_scatter.png>]
<Thesis_images/NGC205_halfmass.png, id=836, 409.53pt x 327.8649pt>
File: Thesis_images/NGC205_halfmass.png Graphic file (type png)
<use Thesis_images/NGC205_halfmass.png>
Package pdftex.def Info: Thesis_images/NGC205_halfmass.png  used on input line 285.
(pdftex.def)             Requested size: 241.84843pt x 193.6237pt.
 [45 <./Thesis_images/NGC205_scatter.png> <./Thesis_images/NGC205_bulge_space_hist.png> <./Thesis_images/NGC205_NSC_space_hist.png> <./Thesis_images/NGC205_space_hist.png>]) [46 <./Thesis_images/NGC205_bulge_velocity_hist.png> <./Thesis_images/NGC205_NSC_velocity_hist.png> <./Thesis_images/NGC205_velocity_hist.png> <./Thesis_images/NGC205_bulge_density_Nbody.png> <./Thesis_images/NGC205_NSC_density_Nbody.png>] [47 <./Thesis_images/NGC205_density_Nbody_vs_analytic.png> <./Thesis_images/NGC205_mass_Nbody_vs_analytic.png> <./Thesis_images/NGC205_halfmass.png>]
Appendix A.
[48



]
Appendix B.
[49

] [50

] [51] (main.aux (Chapter_1.aux) (Chapter_2.aux) (Chapter_3.aux) (Chapter_4.aux))
 ***********
LaTeX2e <2025-11-01>
L3 programming layer <2025-12-24>
 ***********
Package rerunfilecheck Info: File `main.out' has not changed.
(rerunfilecheck)             Checksum: E9C3A77901F23B09900B51A78787BEF5;6212.
Package logreq Info: Writing requests to 'main.run.xml'.
\openout1 = `main.run.xml'.

 ) 
Here is how much of TeX's memory you used:
 36777 strings out of 467871
 718250 string characters out of 5418377
 1540891 words of memory out of 5000000
 64779 multiletter control sequences out of 15000+600000
 649682 words of font info for 95 fonts, out of 8000000 for 9000
 1141 hyphenation exceptions out of 8191
 98i,12n,118p,1942b,1918s stack positions out of 10000i,1000n,20000p,200000b,200000s
 <C:\Users\pochi\AppData\Local\MiKTeX\fonts/pk/ljfour/jknappen/ec/dpi600\ectt1200.pk> <C:\Users\pochi\AppData\Local\MiKTeX\fonts/pk/ljfour/jknappen/ec/dpi600\eccc1200.pk> <C:\Users\pochi\AppData\Local\MiKTeX\fonts/pk/ljfour/jknappen/ec/dpi600\ecti1200.pk> <C:\Users\pochi\AppData\Local\MiKTeX\fonts/pk/ljfour/jknappen/ec/dpi600\ecrm1095.pk> <C:\Users\pochi\AppData\Local\MiKTeX\fonts/pk/ljfour/jknappen/ec/dpi600\ecrm1000.pk> <C:\Users\pochi\AppData\Local\MiKTeX\fonts/pk/ljfour/jknappen/ec/dpi600\ecrm0700.pk> <C:\Users\pochi\AppData\Local\MiKTeX\fonts/pk/ljfour/jknappen/ec/dpi600\ecrm0800.pk> <C:\Users\pochi\AppData\Local\MiKTeX\fonts/pk/ljfour/jknappen/ec/dpi600\tcrm1200.pk> <C:\Users\pochi\AppData\Local\MiKTeX\fonts/pk/ljfour/jknappen/ec/dpi600\ecbx1440.pk> <C:\Users\pochi\AppData\Local\MiKTeX\fonts/pk/ljfour/jknappen/ec/dpi600\ecrm2488.pk> <C:\Users\pochi\AppData\Local\MiKTeX\fonts/pk/ljfour/jknappen/ec/dpi600\eccc1728.pk> <C:\Users\pochi\AppData\Local\MiKTeX\fonts/pk/ljfour/jknappen/ec/dpi600\ecrm1200.pk> <C:\Users\pochi\AppData\Local\MiKTeX\fonts/pk/ljfour/jknappen/ec/dpi600\ecbx1200.pk> <C:\Users\pochi\AppData\Local\MiKTeX\fonts/pk/ljfour/jknappen/ec/dpi600\ecbx2488.pk> <C:\Users\pochi\AppData\Local\MiKTeX\fonts/pk/ljfour/jknappen/ec/dpi600\ecbx1728.pk><C:/Users/pochi/AppData/Local/Programs/MiKTeX/fonts/type1/public/amsfonts/cm/cmbx12.pfb><C:/Users/pochi/AppData/Local/Programs/MiKTeX/fonts/type1/public/amsfonts/cm/cmbx8.pfb><C:/Users/pochi/AppData/Local/Programs/MiKTeX/fonts/type1/public/amsfonts/cm/cmex10.pfb><C:/Users/pochi/AppData/Local/Programs/MiKTeX/fonts/type1/public/amsfonts/cmextra/cmex8.pfb><C:/Users/pochi/AppData/Local/Programs/MiKTeX/fonts/type1/public/amsfonts/cm/cmmi10.pfb><C:/Users/pochi/AppData/Local/Programs/MiKTeX/fonts/type1/public/amsfonts/cm/cmmi12.pfb><C:/Users/pochi/AppData/Local/Programs/MiKTeX/fonts/type1/public/amsfonts/cm/cmmi6.pfb><C:/Users/pochi/AppData/Local/Programs/MiKTeX/fonts/type1/public/amsfonts/cm/cmmi7.pfb><C:/Users/pochi/AppData/Local/Programs/MiKTeX/fonts/type1/public/amsfonts/cm/cmmi8.pfb><C:/Users/pochi/AppData/Local/Programs/MiKTeX/fonts/type1/public/amsfonts/cm/cmmib10.pfb><C:/Users/pochi/AppData/Local/Programs/MiKTeX/fonts/type1/public/amsfonts/cm/cmr10.pfb><C:/Users/pochi/AppData/Local/Programs/MiKTeX/fonts/type1/public/amsfonts/cm/cmr12.pfb><C:/Users/pochi/AppData/Local/Programs/MiKTeX/fonts/type1/public/amsfonts/cm/cmr6.pfb><C:/Users/pochi/AppData/Local/Programs/MiKTeX/fonts/type1/public/amsfonts/cm/cmr8.pfb><C:/Users/pochi/AppData/Local/Programs/MiKTeX/fonts/type1/public/amsfonts/cm/cmsy10.pfb><C:/Users/pochi/AppData/Local/Programs/MiKTeX/fonts/type1/public/amsfonts/cm/cmsy6.pfb><C:/Users/pochi/AppData/Local/Programs/MiKTeX/fonts/type1/public/amsfonts/cm/cmsy8.pfb><C:/Users/pochi/AppData/Local/Programs/MiKTeX/fonts/type1/public/amsfonts/symbols/msam10.pfb>
Output written on main.pdf (51 pages, 5188477 bytes).
PDF statistics:
 1544 PDF objects out of 1728 (max. 8388607)
 339 named destinations out of 1000 (max. 500000)
 500 words of extra memory for PDF output out of 10000 (max. 10000000)

